

<<<<<<< HEAD
Started GET "/" for 127.0.0.1 at 2014-11-05 23:30:54 -0200
Processing by Rails::WelcomeController#index as HTML
  Rendered /Users/eduardo/.rvm/gems/ruby-2.1.2@global/gems/railties-4.1.7/lib/rails/templates/rails/welcome/index.html.erb (3.1ms)
Completed 200 OK in 26ms (Views: 14.1ms | ActiveRecord: 0.0ms)
=======
Started GET "/" for 127.0.0.1 at 2014-11-15 17:41:51 +0100
Processing by Rails::WelcomeController#index as HTML
  Rendered /home/guilherme/.rvm/gems/ruby-2.1.4/gems/railties-4.1.7/lib/rails/templates/rails/welcome/index.html.erb (1.4ms)
Completed 200 OK in 16ms (Views: 7.9ms | ActiveRecord: 0.0ms)


Started GET "/" for 127.0.0.1 at 2014-11-15 17:47:15 +0100
Processing by HomeController#index as HTML
Completed 500 Internal Server Error in 15ms

ActionView::MissingTemplate (Missing template home/index, application/index with {:locale=>[:en], :formats=>[:html], :variants=>[], :handlers=>[:erb, :builder, :raw, :ruby, :coffee, :jbuilder]}. Searched in:
  * "/home/guilherme/Projetos/gabaritei/app/views"
):
  actionview (4.1.7) lib/action_view/path_set.rb:46:in `find'
  actionview (4.1.7) lib/action_view/lookup_context.rb:124:in `find'
  actionview (4.1.7) lib/action_view/renderer/abstract_renderer.rb:18:in `find_template'
  actionview (4.1.7) lib/action_view/renderer/template_renderer.rb:41:in `determine_template'
  actionview (4.1.7) lib/action_view/renderer/template_renderer.rb:8:in `render'
  actionview (4.1.7) lib/action_view/renderer/renderer.rb:42:in `render_template'
  actionview (4.1.7) lib/action_view/renderer/renderer.rb:23:in `render'
  actionview (4.1.7) lib/action_view/rendering.rb:99:in `_render_template'
  actionpack (4.1.7) lib/action_controller/metal/streaming.rb:217:in `_render_template'
  actionview (4.1.7) lib/action_view/rendering.rb:82:in `render_to_body'
  actionpack (4.1.7) lib/action_controller/metal/rendering.rb:32:in `render_to_body'
  actionpack (4.1.7) lib/action_controller/metal/renderers.rb:32:in `render_to_body'
  actionpack (4.1.7) lib/abstract_controller/rendering.rb:25:in `render'
  actionpack (4.1.7) lib/action_controller/metal/rendering.rb:16:in `render'
  actionpack (4.1.7) lib/action_controller/metal/instrumentation.rb:41:in `block (2 levels) in render'
  activesupport (4.1.7) lib/active_support/core_ext/benchmark.rb:12:in `block in ms'
  /home/guilherme/.rvm/rubies/ruby-2.1.4/lib/ruby/2.1.0/benchmark.rb:294:in `realtime'
  activesupport (4.1.7) lib/active_support/core_ext/benchmark.rb:12:in `ms'
  actionpack (4.1.7) lib/action_controller/metal/instrumentation.rb:41:in `block in render'
  actionpack (4.1.7) lib/action_controller/metal/instrumentation.rb:84:in `cleanup_view_runtime'
  activerecord (4.1.7) lib/active_record/railties/controller_runtime.rb:25:in `cleanup_view_runtime'
  actionpack (4.1.7) lib/action_controller/metal/instrumentation.rb:40:in `render'
  actionpack (4.1.7) lib/action_controller/metal/implicit_render.rb:10:in `default_render'
  actionpack (4.1.7) lib/action_controller/metal/implicit_render.rb:5:in `send_action'
  actionpack (4.1.7) lib/abstract_controller/base.rb:189:in `process_action'
  actionpack (4.1.7) lib/action_controller/metal/rendering.rb:10:in `process_action'
  actionpack (4.1.7) lib/abstract_controller/callbacks.rb:20:in `block in process_action'
  activesupport (4.1.7) lib/active_support/callbacks.rb:113:in `call'
  activesupport (4.1.7) lib/active_support/callbacks.rb:113:in `call'
  activesupport (4.1.7) lib/active_support/callbacks.rb:229:in `block in halting'
  activesupport (4.1.7) lib/active_support/callbacks.rb:229:in `call'
  activesupport (4.1.7) lib/active_support/callbacks.rb:229:in `block in halting'
  activesupport (4.1.7) lib/active_support/callbacks.rb:166:in `call'
  activesupport (4.1.7) lib/active_support/callbacks.rb:166:in `block in halting'
  activesupport (4.1.7) lib/active_support/callbacks.rb:166:in `call'
  activesupport (4.1.7) lib/active_support/callbacks.rb:166:in `block in halting'
  activesupport (4.1.7) lib/active_support/callbacks.rb:166:in `call'
  activesupport (4.1.7) lib/active_support/callbacks.rb:166:in `block in halting'
  activesupport (4.1.7) lib/active_support/callbacks.rb:86:in `call'
  activesupport (4.1.7) lib/active_support/callbacks.rb:86:in `run_callbacks'
  actionpack (4.1.7) lib/abstract_controller/callbacks.rb:19:in `process_action'
  actionpack (4.1.7) lib/action_controller/metal/rescue.rb:29:in `process_action'
  actionpack (4.1.7) lib/action_controller/metal/instrumentation.rb:31:in `block in process_action'
  activesupport (4.1.7) lib/active_support/notifications.rb:159:in `block in instrument'
  activesupport (4.1.7) lib/active_support/notifications/instrumenter.rb:20:in `instrument'
  activesupport (4.1.7) lib/active_support/notifications.rb:159:in `instrument'
  actionpack (4.1.7) lib/action_controller/metal/instrumentation.rb:30:in `process_action'
  actionpack (4.1.7) lib/action_controller/metal/params_wrapper.rb:250:in `process_action'
  activerecord (4.1.7) lib/active_record/railties/controller_runtime.rb:18:in `process_action'
  actionpack (4.1.7) lib/abstract_controller/base.rb:136:in `process'
  actionview (4.1.7) lib/action_view/rendering.rb:30:in `process'
  actionpack (4.1.7) lib/action_controller/metal.rb:196:in `dispatch'
  actionpack (4.1.7) lib/action_controller/metal/rack_delegation.rb:13:in `dispatch'
  actionpack (4.1.7) lib/action_controller/metal.rb:232:in `block in action'
  actionpack (4.1.7) lib/action_dispatch/routing/route_set.rb:82:in `call'
  actionpack (4.1.7) lib/action_dispatch/routing/route_set.rb:82:in `dispatch'
  actionpack (4.1.7) lib/action_dispatch/routing/route_set.rb:50:in `call'
  actionpack (4.1.7) lib/action_dispatch/journey/router.rb:73:in `block in call'
  actionpack (4.1.7) lib/action_dispatch/journey/router.rb:59:in `each'
  actionpack (4.1.7) lib/action_dispatch/journey/router.rb:59:in `call'
  actionpack (4.1.7) lib/action_dispatch/routing/route_set.rb:678:in `call'
  rack (1.5.2) lib/rack/etag.rb:23:in `call'
  rack (1.5.2) lib/rack/conditionalget.rb:25:in `call'
  rack (1.5.2) lib/rack/head.rb:11:in `call'
  actionpack (4.1.7) lib/action_dispatch/middleware/params_parser.rb:27:in `call'
  actionpack (4.1.7) lib/action_dispatch/middleware/flash.rb:254:in `call'
  rack (1.5.2) lib/rack/session/abstract/id.rb:225:in `context'
  rack (1.5.2) lib/rack/session/abstract/id.rb:220:in `call'
  actionpack (4.1.7) lib/action_dispatch/middleware/cookies.rb:560:in `call'
  activerecord (4.1.7) lib/active_record/query_cache.rb:36:in `call'
  activerecord (4.1.7) lib/active_record/connection_adapters/abstract/connection_pool.rb:621:in `call'
  activerecord (4.1.7) lib/active_record/migration.rb:380:in `call'
  actionpack (4.1.7) lib/action_dispatch/middleware/callbacks.rb:29:in `block in call'
  activesupport (4.1.7) lib/active_support/callbacks.rb:82:in `run_callbacks'
  actionpack (4.1.7) lib/action_dispatch/middleware/callbacks.rb:27:in `call'
  actionpack (4.1.7) lib/action_dispatch/middleware/reloader.rb:73:in `call'
  actionpack (4.1.7) lib/action_dispatch/middleware/remote_ip.rb:76:in `call'
  actionpack (4.1.7) lib/action_dispatch/middleware/debug_exceptions.rb:17:in `call'
  actionpack (4.1.7) lib/action_dispatch/middleware/show_exceptions.rb:30:in `call'
  railties (4.1.7) lib/rails/rack/logger.rb:38:in `call_app'
  railties (4.1.7) lib/rails/rack/logger.rb:20:in `block in call'
  activesupport (4.1.7) lib/active_support/tagged_logging.rb:68:in `block in tagged'
  activesupport (4.1.7) lib/active_support/tagged_logging.rb:26:in `tagged'
  activesupport (4.1.7) lib/active_support/tagged_logging.rb:68:in `tagged'
  railties (4.1.7) lib/rails/rack/logger.rb:20:in `call'
  actionpack (4.1.7) lib/action_dispatch/middleware/request_id.rb:21:in `call'
  rack (1.5.2) lib/rack/methodoverride.rb:21:in `call'
  rack (1.5.2) lib/rack/runtime.rb:17:in `call'
  activesupport (4.1.7) lib/active_support/cache/strategy/local_cache_middleware.rb:26:in `call'
  rack (1.5.2) lib/rack/lock.rb:17:in `call'
  actionpack (4.1.7) lib/action_dispatch/middleware/static.rb:84:in `call'
  rack (1.5.2) lib/rack/sendfile.rb:112:in `call'
  railties (4.1.7) lib/rails/engine.rb:514:in `call'
  railties (4.1.7) lib/rails/application.rb:144:in `call'
  rack (1.5.2) lib/rack/lock.rb:17:in `call'
  rack (1.5.2) lib/rack/content_length.rb:14:in `call'
  rack (1.5.2) lib/rack/handler/webrick.rb:60:in `service'
  /home/guilherme/.rvm/rubies/ruby-2.1.4/lib/ruby/2.1.0/webrick/httpserver.rb:138:in `service'
  /home/guilherme/.rvm/rubies/ruby-2.1.4/lib/ruby/2.1.0/webrick/httpserver.rb:94:in `run'
  /home/guilherme/.rvm/rubies/ruby-2.1.4/lib/ruby/2.1.0/webrick/server.rb:295:in `block in start_thread'


  Rendered /home/guilherme/.rvm/gems/ruby-2.1.4/gems/actionpack-4.1.7/lib/action_dispatch/middleware/templates/rescues/missing_template.html.erb within rescues/layout (1.3ms)


Started GET "/" for 127.0.0.1 at 2014-11-15 17:48:33 +0100
Processing by HomeController#index as HTML
  Rendered home/index.html.erb within layouts/application (2.9ms)
Completed 200 OK in 865ms (Views: 856.9ms | ActiveRecord: 0.0ms)


Started GET "/assets/home.css?body=1" for 127.0.0.1 at 2014-11-15 17:48:34 +0100


Started GET "/assets/application.css?body=1" for 127.0.0.1 at 2014-11-15 17:48:34 +0100


Started GET "/assets/jquery.js?body=1" for 127.0.0.1 at 2014-11-15 17:48:34 +0100


Started GET "/assets/jquery_ujs.js?body=1" for 127.0.0.1 at 2014-11-15 17:48:34 +0100


Started GET "/assets/turbolinks.js?body=1" for 127.0.0.1 at 2014-11-15 17:48:34 +0100


Started GET "/assets/application.js?body=1" for 127.0.0.1 at 2014-11-15 17:48:34 +0100


Started GET "/assets/home.js?body=1" for 127.0.0.1 at 2014-11-15 17:48:34 +0100
>>>>>>> 96252a89b98029138bd663615ea56e17384b1f66
